; Top Design: "Soft-Binary-Neural-Network_lib:Propagation_Path_v1:schematic"
; Netlisted using Hierarchy Policy: "Standard"

Options ResourceUsage=yes UseNutmegFormat=no EnableOptim=no TopDesignName="Soft-Binary-Neural-Network_lib:Propagation_Path_v1:schematic" DcopOutputNodeVoltages=yes DcopOutputPinCurrents=yes DcopOutputAllSweepPoints=no DcopOutputDcopType=0
simulator lang = spectre
global 0
ahdl_include "D:/Reading/EE6347 Neuromorphic/CMOS Binary Neural Network/CMOS-Binary-Neural-Network/ADS Simulation/EE6347_wrk/EE6347_lib/rram/veriloga/veriloga.va"


simulator lang = ads
; Library Name: Soft-Binary-Neural-Network_lib
; Cell Name: 2x1_Anal_MUX_v1
; View Name: schematic
define "2x1_Anal_MUX_v1" ( Mode  Mode_B  X1  Y1  Y2 ) 
;parameters 
"NMOS":MOSFET2  X1 Mode_B Y2 Y2 L=180 nm W=36 um Temp=30 Mode=1 Noise=yes 
"NMOS":MOSFET1  X1 Mode Y1 Y1 L=180nm W=36um Temp=30 Mode=1 Noise=yes 
"PMOS":MOSFET4  Y2 Mode X1 X1 L=180nm W=36 um Temp=30 Mode=1 Noise=yes 
"PMOS":MOSFET3  Y1 Mode_B X1 X1 L=180 nm W=36 um Temp=30 Mode=1 Noise=yes 
simulator lang=spice
.include 'D:/Reading/EE6347 Neuromorphic/CMOS Binary Neural Network/CMOS-Binary-Neural-Network/180nm_spice.pl'
simulator lang=ads
end "2x1_Anal_MUX_v1"

; Library Name: Soft-Binary-Neural-Network_lib
; Cell Name: Inv_Amp_v1
; View Name: schematic
define Inv_Amp_v1 ( IN  OUT ) 
;parameters 
"NMOS":MOSFET1  OUT IN N__7 N__7 L=180 nm W=Wn Mode=1 Noise=yes 
"PMOS":MOSFET2  OUT IN N__6 N__6 L=180 nm W=Wp Mode=1 Noise=yes 
R:R1  IN OUT R=2000 Noise=yes 
simulator lang=spice
.include 'D:/Reading/EE6347 Neuromorphic/CMOS Binary Neural Network/CMOS-Binary-Neural-Network/180nm_spice.pl'
simulator lang=ads
V_Source:SRC1  N__6 0 Type="V_DC" Vdc=v1 SaveCurrent=1 
V_Source:SRC2  N__7 0 Type="V_DC" Vdc=-v1 SaveCurrent=1 

Wn=35.39 um tune{ 3.55 um to 40 um by 0.01 um }

Wp=19.98 um tune{ 2 um to 30 um by 0.01 um }

v1=1.2 V tune{ 0.6 V to 3.3 V by 0.12 V }
end Inv_Amp_v1

V_Source:SRC1  WL_FC1 0 Type="VtPWL" V_Tran=pwl(time, 0us, 0V, 5us, 1.50V, 100us, 1.50V, 105us, 0V, 200us, 0V, 205us, 0.50V, 300us, 0.50V, 305us, 0V, 400us, 0V, 405us, 0.50V, 500us, 0.50V, 505us, 0V, 600us, 0V, 605us, 0.50V, 700us, 0.50V, 705us, 0V, 800us, 0V, 805us, 0.50V, 900us, 0.50V, 905us, 0V, 1000us, 0V, 1005us, 1.50V, 1100us, 1.50V, 1105us, 0V, 1200us, 0V, 1205us, 0.50V, 1300us, 0.50V, 1305us, 0V, 1400us, 0V, 1405us, 1.50V, 1500us, 1.50V, 1505us, 0V, 1600us, 0V, 1605us, 0.00V, 1700us, 0.00V, 1705us, 0V, 1800us, 0V, 1805us, 0.00V, 1900us, 0.00V, 1905us, 0V, 2000us, 0V, 2005us, 0.10V, 2100us, 0.10V, 2105us, 0V, 2200us, 0V, 2205us, -0.10V, 2300us, -0.10V, 2305us, 0V, 2400us, 0V, 2405us, -0.10V, 2500us, -0.10V, 2505us, 0V, 2600us, 0V, 2605us, -0.10V, 2700us, -0.10V, 2705us, 0V, 2800us, 0V, 2805us, -0.10V, 2900us, -0.10V, 2905us, 0V, 3000us, 0V, 3005us, 0.10V, 3100us, 0.10V, 3105us, 0V, 3200us, 0V, 3205us, -0.10V, 3300us, -0.10V, 3305us, 0V, 3400us, 0V, 3405us, -0.10V, 3500us, -0.10V, 3505us, 0V, 3600us, 0V) SaveCurrent=1 
simulator lang = spectre
X1 (N__0 N__3 0 0) RRAM k=1.38e-23 q=1.602e-19 g0=9.4e-10 V0=0.21 I0=1.95e-5 ve0=10e6 Eam=1.29 a=0.8e-10 gamma0=30 b=9.0 c=0.5 L=10e-9 gmax=3.3e-9 gmin=0.2e-9 gini=3.3e-9 r_cf=4e-9 rho=1e-3 Rth=3e6 Tamb=300.0 CC=5e-4
simulator lang = ads
"2x1_Anal_MUX_v1":X7  Mode Mode_8 N__20 BL_FC2 N__5 
simulator lang = spectre
X6 (N__19 N__20 0 0) RRAM k=1.38e-23 q=1.602e-19 g0=9.4e-10 V0=0.21 I0=1.95e-5 ve0=10e6 Eam=1.29 a=0.8e-10 gamma0=30 b=9.0 c=0.5 L=10e-9 gmax=3.3e-9 gmin=0.2e-9 gini=3.3e-9 r_cf=4e-9 rho=1e-3 Rth=3e6 Tamb=300.0 CC=5e-4
simulator lang = ads
V_Source:SRC4  BL_FC2 0 Type="VtPWL" V_Tran=pwl(time, 0us, 0V, 5us, 0.00V, 100us, 0.00V, 105us, 0V, 200us, 0V, 205us, 1.00V, 300us, 1.00V, 305us, 0V, 400us, 0V, 405us, 1.00V, 500us, 1.00V, 505us, 0V, 600us, 0V, 605us, 1.00V, 700us, 1.00V, 705us, 0V, 800us, 0V, 805us, 0.00V, 900us, 0.00V, 905us, 0V, 1000us, 0V, 1005us, 0.00V, 1100us, 0.00V, 1105us, 0V, 1200us, 0V, 1205us, 0.00V, 1300us, 0.00V, 1305us, 0V, 1400us, 0V, 1405us, 0.00V, 1500us, 0.00V, 1505us, 0V, 1600us, 0V, 1605us, 0.00V, 1700us, 0.00V, 1705us, 0V, 1800us, 0V, 1805us, 0.00V, 1900us, 0.00V, 1905us, 0V, 2000us, 0V, 2005us, 0.00V, 2100us, 0.00V, 2105us, 0V, 2200us, 0V, 2205us, 0.00V, 2300us, 0.00V, 2305us, 0V, 2400us, 0V, 2405us, 0.00V, 2500us, 0.00V, 2505us, 0V, 2600us, 0V, 2605us, 0.00V, 2700us, 0.00V, 2705us, 0V, 2800us, 0V, 2805us, 0.00V, 2900us, 0.00V, 2905us, 0V, 3000us, 0V, 3005us, 0.00V, 3100us, 0.00V, 3105us, 0V, 3200us, 0V, 3205us, 0.00V, 3300us, 0.00V, 3305us, 0V, 3400us, 0V, 3405us, 0.00V, 3500us, 0.00V, 3505us, 0V, 3600us, 0V) SaveCurrent=1 
Inv_Amp_v1:X2  N__4 N__9 
V_Source:SRC5  Mode 0 Type="VtPWL" V_Tran=pwl(time, 0us, 0V, 5us, 1.20V, 100us, 1.20V, 105us, 0V, 200us, 0V, 205us, 1.20V, 300us, 1.20V, 305us, 0V, 400us, 0V, 405us, 1.20V, 500us, 1.20V, 505us, 0V, 600us, 0V, 605us, 1.20V, 700us, 1.20V, 705us, 0V, 800us, 0V, 805us, 1.20V, 900us, 1.20V, 905us, 0V, 1000us, 0V, 1005us, 1.20V, 1100us, 1.20V, 1105us, 0V, 1200us, 0V, 1205us, 1.20V, 1300us, 1.20V, 1305us, 0V, 1400us, 0V, 1405us, 1.20V, 1500us, 1.20V, 1505us, 0V, 1600us, 0V, 1605us, 1.20V, 1700us, 1.20V, 1705us, 0V, 1800us, 0V, 1805us, -1.20V, 1900us, -1.20V, 1905us, 0V, 2000us, 0V, 2005us, -1.20V, 2100us, -1.20V, 2105us, 0V, 2200us, 0V, 2205us, -1.20V, 2300us, -1.20V, 2305us, 0V, 2400us, 0V, 2405us, -1.20V, 2500us, -1.20V, 2505us, 0V, 2600us, 0V, 2605us, -1.20V, 2700us, -1.20V, 2705us, 0V, 2800us, 0V, 2805us, -1.20V, 2900us, -1.20V, 2905us, 0V, 3000us, 0V, 3005us, -1.20V, 3100us, -1.20V, 3105us, 0V, 3200us, 0V, 3205us, -1.20V, 3300us, -1.20V, 3305us, 0V, 3400us, 0V, 3405us, -1.20V, 3500us, -1.20V, 3505us, 0V, 3600us, 0V) SaveCurrent=1 
V_Source:SRC3  WL_FC2 0 Type="VtPWL" V_Tran=pwl(time, 0us, 0V, 5us, 1.50V, 100us, 1.50V, 105us, 0V, 200us, 0V, 205us, 0.50V, 300us, 0.50V, 305us, 0V, 400us, 0V, 405us, 1.50V, 500us, 1.50V, 505us, 0V, 600us, 0V, 605us, 0.50V, 700us, 0.50V, 705us, 0V, 800us, 0V, 805us, 0.00V, 900us, 0.00V, 905us, 0V, 1000us, 0V, 1005us, 0.00V, 1100us, 0.00V, 1105us, 0V, 1200us, 0V, 1205us, 0.00V, 1300us, 0.00V, 1305us, 0V, 1400us, 0V, 1405us, 0.00V, 1500us, 0.00V, 1505us, 0V, 1600us, 0V, 1605us, 0.00V, 1700us, 0.00V, 1705us, 0V, 1800us, 0V, 1805us, 0.00V, 1900us, 0.00V, 1905us, 0V, 2000us, 0V, 2005us, 0.00V, 2100us, 0.00V, 2105us, 0V, 2200us, 0V, 2205us, 0.00V, 2300us, 0.00V, 2305us, 0V, 2400us, 0V, 2405us, 0.00V, 2500us, 0.00V, 2505us, 0V, 2600us, 0V, 2605us, 0.00V, 2700us, 0.00V, 2705us, 0V, 2800us, 0V, 2805us, 0.00V, 2900us, 0.00V, 2905us, 0V, 3000us, 0V, 3005us, 0.00V, 3100us, 0.00V, 3105us, 0V, 3200us, 0V, 3205us, 0.00V, 3300us, 0.00V, 3305us, 0V, 3400us, 0V, 3405us, 0.00V, 3500us, 0.00V, 3505us, 0V, 3600us, 0V) SaveCurrent=1 
V_Source:SRC2  BL_FC1 0 Type="VtPWL" V_Tran=pwl(time, 0us, 0V, 5us, 0.00V, 100us, 0.00V, 105us, 0V, 200us, 0V, 205us, 1.00V, 300us, 1.00V, 305us, 0V, 400us, 0V, 405us, 1.00V, 500us, 1.00V, 505us, 0V, 600us, 0V, 605us, 1.00V, 700us, 1.00V, 705us, 0V, 800us, 0V, 805us, 1.00V, 900us, 1.00V, 905us, 0V, 1000us, 0V, 1005us, 1.00V, 1100us, 1.00V, 1105us, 0V, 1200us, 0V, 1205us, 1.00V, 1300us, 1.00V, 1305us, 0V, 1400us, 0V, 1405us, 1.00V, 1500us, 1.00V, 1505us, 0V, 1600us, 0V, 1605us, 0.00V, 1700us, 0.00V, 1705us, 0V, 1800us, 0V, 1805us, 0.00V, 1900us, 0.00V, 1905us, 0V, 2000us, 0V, 2005us, 0.00V, 2100us, 0.00V, 2105us, 0V, 2200us, 0V, 2205us, 0.00V, 2300us, 0.00V, 2305us, 0V, 2400us, 0V, 2405us, 0.00V, 2500us, 0.00V, 2505us, 0V, 2600us, 0V, 2605us, 0.00V, 2700us, 0.00V, 2705us, 0V, 2800us, 0V, 2805us, 0.00V, 2900us, 0.00V, 2905us, 0V, 3000us, 0V, 3005us, 0.00V, 3100us, 0.00V, 3105us, 0V, 3200us, 0V, 3205us, 0.00V, 3300us, 0.00V, 3305us, 0V, 3400us, 0V, 3405us, 0.00V, 3500us, 0.00V, 3505us, 0V, 3600us, 0V) SaveCurrent=1 
"2x1_Anal_MUX_v1":X4  Mode Mode_8 N__3 BL_FC1 N__4 
"2x1_Anal_MUX_v1":X5  Mode Mode_8 N__1 WL_FC2 N__9 
Inv_Amp_v1:X8  N__5 OUT 
V_Source:SRC6  Mode_8 0 Type="VtPWL" V_Tran=pwl(time, 0us, 0V, 5us, -1.20V, 100us, -1.20V, 105us, 0V, 200us, 0V, 205us, -1.20V, 300us, -1.20V, 305us, 0V, 400us, 0V, 405us, -1.20V, 500us, -1.20V, 505us, 0V, 600us, 0V, 605us, -1.20V, 700us, -1.20V, 705us, 0V, 800us, 0V, 805us, -1.20V, 900us, -1.20V, 905us, 0V, 1000us, 0V, 1005us, -1.20V, 1100us, -1.20V, 1105us, 0V, 1200us, 0V, 1205us, -1.20V, 1300us, -1.20V, 1305us, 0V, 1400us, 0V, 1405us, -1.20V, 1500us, -1.20V, 1505us, 0V, 1600us, 0V, 1605us, -1.20V, 1700us, -1.20V, 1705us, 0V, 1800us, 0V, 1805us, 1.20V, 1900us, 1.20V, 1905us, 0V, 2000us, 0V, 2005us, 1.20V, 2100us, 1.20V, 2105us, 0V, 2200us, 0V, 2205us, 1.20V, 2300us, 1.20V, 2305us, 0V, 2400us, 0V, 2405us, 1.20V, 2500us, 1.20V, 2505us, 0V, 2600us, 0V, 2605us, 1.20V, 2700us, 1.20V, 2705us, 0V, 2800us, 0V, 2805us, 1.20V, 2900us, 1.20V, 2905us, 0V, 3000us, 0V, 3005us, 1.20V, 3100us, 1.20V, 3105us, 0V, 3200us, 0V, 3205us, 1.20V, 3300us, 1.20V, 3305us, 0V, 3400us, 0V, 3405us, 1.20V, 3500us, 1.20V, 3505us, 0V, 3600us, 0V) SaveCurrent=1 
Tran:Tran1 StartTime=0.0 nsec StopTime=3600us MaxTimeStep=0.1us LimitStepForTL=yes TimeStepControl=2 TruncTol=7.0 ChargeTol=1.0e-14 IntegMethod=0 MaxGearOrder=2 \
Mu=0.5 MaxOrder=4 Freq[1]=1.0 GHz Order[1]=3 HB_Window=no \
HB_Sol=no ImpApprox=no ShortTL_Delay=1.0 psec ImpMode=1 UseInitCond=no \
LoadGminDC=no CheckKCL=yes CheckOnlyDeltaV=yes OverloadAlert=no DeviceBypass=no \
MaxIters=10 MaxItersDC=200 DevOpPtLevel=0 StatusLevel=2 OutputAllPoints=yes \
NoiseScale=1 ImpEnforcePassivity=yes \
OutputPlan="Tran1_Output" 

OutputPlan:Tran1_Output \
      Type="Output" \
      UseNodeNestLevel=yes \
      NodeNestLevel=2 \
      UseEquationNestLevel=yes \
      EquationNestLevel=2 \
      UseSavedEquationNestLevel=yes \
      SavedEquationNestLevel=2 \
      UseDeviceCurrentNestLevel=no \
      DeviceCurrentNestLevel=0 \
      DeviceCurrentDeviceType="All" \
      DeviceCurrentSymSyntax=yes \
      UseCurrentNestLevel=yes \
      CurrentNestLevel=999 \
      UseDeviceVoltageNestLevel=no \
      DeviceVoltageNestLevel=0 \
      DeviceVoltageDeviceType="All"

Short:I_Probe1  WL_FC1 N__0 Mode=0 SaveCurrent=yes 
Short:I_Probe2  N__1 N__19 Mode=0 SaveCurrent=yes 
